\BOOKMARK [0][-]{chapter*.1}{\376\377\000N\000H\000F\000\040\0002\0000\0001\0003\000\040\000-\000\040\000Q\000u\000a\000d\000T\000r\000e\000e\000\040\000\050\000N\000\351\000g\000y\000\040\000e\000l\000\341\000g\000a\000z\000\341\000s\000\372\000\040\000d\000u\000p\000l\000\341\000n\000\040\000l\000\341\000n\000c\000o\000l\000t\000\040\000g\000e\000n\000e\000r\000i\000k\000u\000s\000\040\000f\000a\000\051}{}% 1
\BOOKMARK [0][-]{chapter*.1}{\376\377\000O\000s\000z\000t\000\341\000l\000y\000m\000u\000t\000a\000t\000\363}{}% 2
\BOOKMARK [1][-]{section*.2}{\376\377\000O\000s\000z\000t\000\341\000l\000y\000l\000i\000s\000t\000a}{chapter*.1}% 3
\BOOKMARK [0][-]{section*.2}{\376\377\000F\000\341\000j\000l\000m\000u\000t\000a\000t\000\363}{}% 4
\BOOKMARK [1][-]{section*.3}{\376\377\000F\000\341\000j\000l\000l\000i\000s\000t\000a}{section*.2}% 5
\BOOKMARK [0][-]{section*.3}{\376\377\000O\000s\000z\000t\000\341\000l\000y\000o\000k\000\040\000d\000o\000k\000u\000m\000e\000n\000t\000\341\000c\000i\000\363\000j\000a}{}% 6
\BOOKMARK [1][-]{section*.4}{\376\377\000Q\000u\000a\000d\000T\000r\000e\000e\000<\000\040\000T\000\040\000>\000:\000:\000i\000t\000e\000r\000a\000t\000o\000r\000\040\000o\000s\000z\000t\000\341\000l\000y\000r\000e\000f\000e\000r\000e\000n\000c\000i\000a}{section*.3}% 7
\BOOKMARK [2][-]{section*.4}{\376\377\000R\000\351\000s\000z\000l\000e\000t\000e\000s\000\040\000l\000e\000\355\000r\000\341\000s}{section*.3}% 8
\BOOKMARK [2][-]{section*.4}{\376\377\000T\000a\000g\000f\000\374\000g\000g\000v\000\351\000n\000y\000e\000k\000\040\000d\000o\000k\000u\000m\000e\000n\000t\000\341\000c\000i\000\363\000j\000a}{section*.3}% 9
\BOOKMARK [3][-]{section*.5}{\376\377\000o\000p\000e\000r\000a\000t\000o\000r\000!\000=}{section*.4}% 10
\BOOKMARK [3][-]{section*.5}{\376\377\000o\000p\000e\000r\000a\000t\000o\000r\000+\000+}{section*.4}% 11
\BOOKMARK [3][-]{section*.5}{\376\377\000o\000p\000e\000r\000a\000t\000o\000r\000=\000=}{section*.4}% 12
\BOOKMARK [1][-]{section*.5}{\376\377\000P\000o\000i\000n\000t\000<\000\040\000T\000\040\000>\000\040\000o\000s\000z\000t\000\341\000l\000y\000s\000a\000b\000l\000o\000n\000-\000r\000e\000f\000e\000r\000e\000n\000c\000i\000a}{section*.3}% 13
\BOOKMARK [2][-]{section*.6}{\376\377\000R\000\351\000s\000z\000l\000e\000t\000e\000s\000\040\000l\000e\000\355\000r\000\341\000s}{section*.5}% 14
\BOOKMARK [1][-]{section*.6}{\376\377\000Q\000u\000a\000d\000T\000r\000e\000e\000<\000\040\000T\000\040\000>\000\040\000o\000s\000z\000t\000\341\000l\000y\000s\000a\000b\000l\000o\000n\000-\000r\000e\000f\000e\000r\000e\000n\000c\000i\000a}{section*.3}% 15
\BOOKMARK [2][-]{section*.7}{\376\377\000R\000\351\000s\000z\000l\000e\000t\000e\000s\000\040\000l\000e\000\355\000r\000\341\000s}{section*.6}% 16
\BOOKMARK [2][-]{section*.7}{\376\377\000T\000a\000g\000f\000\374\000g\000g\000v\000\351\000n\000y\000e\000k\000\040\000d\000o\000k\000u\000m\000e\000n\000t\000\341\000c\000i\000\363\000j\000a}{section*.6}% 17
\BOOKMARK [3][-]{section*.8}{\376\377\000b\000e\000g\000i\000n}{section*.7}% 18
\BOOKMARK [3][-]{section*.8}{\376\377\000c\000o\000u\000n\000t\000N\000o\000d\000e\000s}{section*.7}% 19
\BOOKMARK [3][-]{section*.8}{\376\377\000d\000e\000p\000t\000h}{section*.7}% 20
\BOOKMARK [3][-]{section*.8}{\376\377\000e\000n\000d}{section*.7}% 21
\BOOKMARK [3][-]{section*.8}{\376\377\000f\000i\000n\000d}{section*.7}% 22
\BOOKMARK [3][-]{section*.8}{\376\377\000f\000i\000n\000d}{section*.7}% 23
\BOOKMARK [3][-]{section*.8}{\376\377\000i\000n\000s\000e\000r\000t}{section*.7}% 24
\BOOKMARK [1][-]{section*.8}{\376\377\000Q\000u\000a\000d\000T\000r\000e\000e\000N\000o\000d\000e\000<\000\040\000T\000\040\000>\000\040\000o\000s\000z\000t\000\341\000l\000y\000s\000a\000b\000l\000o\000n\000-\000r\000e\000f\000e\000r\000e\000n\000c\000i\000a}{section*.3}% 25
\BOOKMARK [2][-]{section*.9}{\376\377\000R\000\351\000s\000z\000l\000e\000t\000e\000s\000\040\000l\000e\000\355\000r\000\341\000s}{section*.8}% 26
\BOOKMARK [1][-]{section*.9}{\376\377\000S\000t\000r\000i\000n\000g\000\040\000o\000s\000z\000t\000\341\000l\000y\000r\000e\000f\000e\000r\000e\000n\000c\000i\000a}{section*.3}% 27
\BOOKMARK [2][-]{section*.10}{\376\377\000R\000\351\000s\000z\000l\000e\000t\000e\000s\000\040\000l\000e\000\355\000r\000\341\000s}{section*.9}% 28
\BOOKMARK [2][-]{section*.10}{\376\377\000K\000o\000n\000s\000t\000r\000u\000k\000t\000o\000r\000o\000k\000\040\000\351\000s\000\040\000d\000e\000s\000t\000r\000u\000k\000t\000o\000r\000o\000k\000\040\000d\000o\000k\000u\000m\000e\000n\000t\000\341\000c\000i\000\363\000j\000a}{section*.9}% 29
\BOOKMARK [3][-]{section*.11}{\376\377\000S\000t\000r\000i\000n\000g}{section*.10}% 30
\BOOKMARK [3][-]{section*.11}{\376\377\000S\000t\000r\000i\000n\000g}{section*.10}% 31
\BOOKMARK [3][-]{section*.11}{\376\377\000S\000t\000r\000i\000n\000g}{section*.10}% 32
\BOOKMARK [2][-]{section*.11}{\376\377\000T\000a\000g\000f\000\374\000g\000g\000v\000\351\000n\000y\000e\000k\000\040\000d\000o\000k\000u\000m\000e\000n\000t\000\341\000c\000i\000\363\000j\000a}{section*.9}% 33
\BOOKMARK [3][-]{section*.12}{\376\377\000c\000\137\000s\000t\000r}{section*.11}% 34
\BOOKMARK [3][-]{section*.12}{\376\377\000o\000p\000e\000r\000a\000t\000o\000r\000+}{section*.11}% 35
\BOOKMARK [3][-]{section*.12}{\376\377\000o\000p\000e\000r\000a\000t\000o\000r\000=}{section*.11}% 36
\BOOKMARK [3][-]{section*.12}{\376\377\000o\000p\000e\000r\000a\000t\000o\000r\000[\000]}{section*.11}% 37
\BOOKMARK [3][-]{section*.12}{\376\377\000o\000p\000e\000r\000a\000t\000o\000r\000[\000]}{section*.11}% 38
\BOOKMARK [2][-]{section*.12}{\376\377\000B\000a\000r\000\341\000t\000\040\000\351\000s\000\040\000k\000a\000p\000c\000s\000o\000l\000\363\000d\000\363\000\040\000f\000\374\000g\000g\000v\000\351\000n\000y\000e\000k\000\040\000d\000o\000k\000u\000m\000e\000n\000t\000\341\000c\000i\000\363\000j\000a}{section*.9}% 39
\BOOKMARK [3][-]{section*.13}{\376\377\000o\000p\000e\000r\000a\000t\000o\000r\000<\000<}{section*.12}% 40
\BOOKMARK [3][-]{section*.13}{\376\377\000o\000p\000e\000r\000a\000t\000o\000r\000>\000>}{section*.12}% 41
\BOOKMARK [0][-]{section*.13}{\376\377\000F\000\341\000j\000l\000o\000k\000\040\000d\000o\000k\000u\000m\000e\000n\000t\000\341\000c\000i\000\363\000j\000a}{}% 42
\BOOKMARK [1][-]{section*.14}{\376\377\000Q\000u\000a\000d\000T\000r\000e\000e\000.\000h\000p\000p\000\040\000f\000\341\000j\000l\000r\000e\000f\000e\000r\000e\000n\000c\000i\000a}{section*.13}% 43
\BOOKMARK [2][-]{section*.14}{\376\377\000F\000\374\000g\000g\000v\000\351\000n\000y\000e\000k\000\040\000d\000o\000k\000u\000m\000e\000n\000t\000\341\000c\000i\000\363\000j\000a}{section*.13}% 44
\BOOKMARK [3][-]{section*.15}{\376\377\000o\000p\000e\000r\000a\000t\000o\000r\000<\000<}{section*.14}% 45
\BOOKMARK [-1][-]{section*.15}{\376\377\000T\000\341\000r\000g\000y\000m\000u\000t\000a\000t\000\363}{}% 46
